TN:
SF:dateFormat.js
FN:3,(anonymous_0)
FN:7,(anonymous_1)
FN:15,(anonymous_2)
FNF:3
FNH:3
FNDA:16,(anonymous_0)
FNDA:8,(anonymous_1)
FNDA:8,(anonymous_2)
DA:1,1
DA:3,1
DA:4,16
DA:7,1
DA:8,8
DA:9,8
DA:11,0
DA:15,1
DA:16,8
DA:17,8
DA:18,8
DA:19,0
DA:20,0
DA:21,0
DA:22,0
DA:26,8
DA:28,1
DA:29,0
DA:31,1
DA:32,0
DA:34,1
DA:35,0
DA:37,1
DA:38,0
DA:40,1
DA:41,0
DA:43,1
DA:44,0
DA:46,1
DA:47,0
DA:49,1
DA:50,0
DA:52,0
DA:55,0
DA:56,0
DA:60,1
LF:36
LH:20
BRDA:8,0,0,8
BRDA:8,0,1,0
BRDA:8,1,0,8
BRDA:8,1,1,8
BRDA:18,2,0,0
BRDA:18,2,1,8
BRDA:21,3,0,0
BRDA:21,3,1,0
BRDA:26,4,0,1
BRDA:26,4,1,1
BRDA:26,4,2,1
BRDA:26,4,3,1
BRDA:26,4,4,1
BRDA:26,4,5,1
BRDA:26,4,6,1
BRDA:26,4,7,1
BRDA:26,4,8,0
BRF:17
BRH:12
end_of_record
TN:
SF:log.js
FNF:0
FNH:0
DA:1,1
DA:2,1
DA:3,1
DA:5,1
DA:7,1
DA:9,1
DA:10,1
DA:11,1
DA:13,1
DA:21,1
DA:29,1
DA:35,1
DA:43,1
DA:48,1
LF:14
LH:14
BRF:0
BRH:0
end_of_record
